<?xml version="1.0" encoding="UTF-8"?>
<coverage generated="1766244719955" clover="3.2.0">
  <project timestamp="1766244719955" name="All files">
    <metrics statements="40" coveredstatements="23" conditionals="12" coveredconditionals="4" methods="14" coveredmethods="4" elements="66" coveredelements="31" complexity="0" loc="40" ncloc="40" packages="1" files="1" classes="1"/>
    <file name="database.ts" path="C:\OurProjects\Electron-ZenState\electron\database.ts">
      <metrics statements="40" coveredstatements="23" conditionals="12" coveredconditionals="4" methods="14" coveredmethods="4"/>
      <line num="6" count="1" type="stmt"/>
      <line num="7" count="1" type="stmt"/>
      <line num="12" count="6" type="stmt"/>
      <line num="13" count="6" type="stmt"/>
      <line num="16" count="6" type="stmt"/>
      <line num="51" count="6" type="stmt"/>
      <line num="56" count="6" type="stmt"/>
      <line num="57" count="0" type="stmt"/>
      <line num="60" count="6" type="stmt"/>
      <line num="61" count="0" type="stmt"/>
      <line num="62" count="0" type="stmt"/>
      <line num="64" count="0" type="stmt"/>
      <line num="65" count="0" type="stmt"/>
      <line num="66" count="0" type="stmt"/>
      <line num="67" count="0" type="cond" truecount="0" falsecount="4"/>
      <line num="70" count="0" type="stmt"/>
      <line num="71" count="0" type="stmt"/>
      <line num="75" count="6" type="stmt"/>
      <line num="76" count="0" type="stmt"/>
      <line num="79" count="6" type="stmt"/>
      <line num="80" count="0" type="stmt"/>
      <line num="84" count="6" type="stmt"/>
      <line num="85" count="0" type="stmt"/>
      <line num="86" count="0" type="cond" truecount="0" falsecount="2"/>
      <line num="89" count="6" type="stmt"/>
      <line num="90" count="0" type="stmt"/>
      <line num="94" count="6" type="stmt"/>
      <line num="95" count="0" type="stmt"/>
      <line num="98" count="6" type="stmt"/>
      <line num="99" count="0" type="stmt"/>
      <line num="103" count="6" type="stmt"/>
      <line num="104" count="1" type="stmt"/>
      <line num="107" count="6" type="stmt"/>
      <line num="108" count="1" type="stmt"/>
      <line num="112" count="1" type="stmt"/>
      <line num="122" count="6" type="stmt"/>
      <line num="123" count="0" type="stmt"/>
      <line num="128" count="7" type="cond" truecount="2" falsecount="0"/>
      <line num="129" count="6" type="stmt"/>
      <line num="130" count="6" type="stmt"/>
    </file>
  </project>
</coverage>
