{"C:\\OurProjects\\Electron-ZenState\\electron\\database.ts": {"path":"C:\\OurProjects\\Electron-ZenState\\electron\\database.ts","statementMap":{"0":{"start":{"line":6,"column":6},"end":{"line":6,"column":null}},"1":{"start":{"line":7,"column":18},"end":{"line":7,"column":null}},"2":{"start":{"line":12,"column":19},"end":{"line":12,"column":null}},"3":{"start":{"line":13,"column":4},"end":{"line":13,"column":null}},"4":{"start":{"line":16,"column":4},"end":{"line":49,"column":null}},"5":{"start":{"line":51,"column":4},"end":{"line":51,"column":null}},"6":{"start":{"line":56,"column":4},"end":{"line":58,"column":null}},"7":{"start":{"line":57,"column":8},"end":{"line":57,"column":null}},"8":{"start":{"line":60,"column":4},"end":{"line":72,"column":null}},"9":{"start":{"line":61,"column":27},"end":{"line":61,"column":null}},"10":{"start":{"line":62,"column":27},"end":{"line":62,"column":null}},"11":{"start":{"line":64,"column":28},"end":{"line":69,"column":null}},"12":{"start":{"line":65,"column":12},"end":{"line":65,"column":null}},"13":{"start":{"line":66,"column":12},"end":{"line":68,"column":null}},"14":{"start":{"line":67,"column":16},"end":{"line":67,"column":null}},"15":{"start":{"line":70,"column":8},"end":{"line":70,"column":null}},"16":{"start":{"line":71,"column":8},"end":{"line":71,"column":null}},"17":{"start":{"line":75,"column":4},"end":{"line":77,"column":null}},"18":{"start":{"line":76,"column":8},"end":{"line":76,"column":null}},"19":{"start":{"line":79,"column":4},"end":{"line":81,"column":null}},"20":{"start":{"line":80,"column":8},"end":{"line":80,"column":null}},"21":{"start":{"line":84,"column":4},"end":{"line":87,"column":null}},"22":{"start":{"line":85,"column":25},"end":{"line":85,"column":null}},"23":{"start":{"line":86,"column":8},"end":{"line":86,"column":null}},"24":{"start":{"line":89,"column":4},"end":{"line":91,"column":null}},"25":{"start":{"line":90,"column":8},"end":{"line":90,"column":null}},"26":{"start":{"line":94,"column":4},"end":{"line":96,"column":null}},"27":{"start":{"line":95,"column":8},"end":{"line":95,"column":null}},"28":{"start":{"line":98,"column":4},"end":{"line":100,"column":null}},"29":{"start":{"line":99,"column":8},"end":{"line":99,"column":null}},"30":{"start":{"line":103,"column":4},"end":{"line":105,"column":null}},"31":{"start":{"line":104,"column":8},"end":{"line":104,"column":null}},"32":{"start":{"line":107,"column":4},"end":{"line":120,"column":null}},"33":{"start":{"line":108,"column":21},"end":{"line":111,"column":null}},"34":{"start":{"line":112,"column":8},"end":{"line":119,"column":null}},"35":{"start":{"line":122,"column":4},"end":{"line":124,"column":null}},"36":{"start":{"line":123,"column":8},"end":{"line":123,"column":null}},"37":{"start":{"line":128,"column":4},"end":{"line":131,"column":null}},"38":{"start":{"line":129,"column":8},"end":{"line":129,"column":null}},"39":{"start":{"line":130,"column":8},"end":{"line":130,"column":null}}},"fnMap":{"0":{"name":"initDb","decl":{"start":{"line":11,"column":16},"end":{"line":11,"column":25}},"loc":{"start":{"line":11,"column":25},"end":{"line":125,"column":null}},"line":11},"1":{"name":"(anonymous_1)","decl":{"start":{"line":56,"column":35},"end":{"line":56,"column":41}},"loc":{"start":{"line":56,"column":41},"end":{"line":58,"column":5}},"line":56},"2":{"name":"(anonymous_2)","decl":{"start":{"line":60,"column":36},"end":{"line":60,"column":37}},"loc":{"start":{"line":60,"column":58},"end":{"line":72,"column":5}},"line":60},"3":{"name":"(anonymous_3)","decl":{"start":{"line":64,"column":43},"end":{"line":64,"column":44}},"loc":{"start":{"line":64,"column":61},"end":{"line":69,"column":9}},"line":64},"4":{"name":"(anonymous_4)","decl":{"start":{"line":75,"column":34},"end":{"line":75,"column":40}},"loc":{"start":{"line":75,"column":40},"end":{"line":77,"column":5}},"line":75},"5":{"name":"(anonymous_5)","decl":{"start":{"line":79,"column":34},"end":{"line":79,"column":35}},"loc":{"start":{"line":79,"column":66},"end":{"line":81,"column":5}},"line":79},"6":{"name":"(anonymous_6)","decl":{"start":{"line":84,"column":34},"end":{"line":84,"column":40}},"loc":{"start":{"line":84,"column":40},"end":{"line":87,"column":5}},"line":84},"7":{"name":"(anonymous_7)","decl":{"start":{"line":89,"column":35},"end":{"line":89,"column":36}},"loc":{"start":{"line":89,"column":59},"end":{"line":91,"column":5}},"line":89},"8":{"name":"(anonymous_8)","decl":{"start":{"line":94,"column":37},"end":{"line":94,"column":43}},"loc":{"start":{"line":94,"column":43},"end":{"line":96,"column":5}},"line":94},"9":{"name":"(anonymous_9)","decl":{"start":{"line":98,"column":37},"end":{"line":98,"column":38}},"loc":{"start":{"line":98,"column":87},"end":{"line":100,"column":5}},"line":98},"10":{"name":"(anonymous_10)","decl":{"start":{"line":103,"column":39},"end":{"line":103,"column":45}},"loc":{"start":{"line":103,"column":45},"end":{"line":105,"column":5}},"line":103},"11":{"name":"(anonymous_11)","decl":{"start":{"line":107,"column":39},"end":{"line":107,"column":40}},"loc":{"start":{"line":107,"column":57},"end":{"line":120,"column":5}},"line":107},"12":{"name":"(anonymous_12)","decl":{"start":{"line":122,"column":41},"end":{"line":122,"column":42}},"loc":{"start":{"line":122,"column":60},"end":{"line":124,"column":5}},"line":122},"13":{"name":"closeDb","decl":{"start":{"line":127,"column":16},"end":{"line":127,"column":26}},"loc":{"start":{"line":127,"column":26},"end":{"line":132,"column":null}},"line":127}},"branchMap":{"0":{"loc":{"start":{"line":67,"column":51},"end":{"line":67,"column":75}},"type":"cond-expr","locations":[{"start":{"line":67,"column":68},"end":{"line":67,"column":72}},{"start":{"line":67,"column":72},"end":{"line":67,"column":75}}],"line":67},"1":{"loc":{"start":{"line":67,"column":75},"end":{"line":67,"column":103}},"type":"binary-expr","locations":[{"start":{"line":67,"column":75},"end":{"line":67,"column":93}},{"start":{"line":67,"column":93},"end":{"line":67,"column":103}}],"line":67},"2":{"loc":{"start":{"line":86,"column":15},"end":{"line":86,"column":null}},"type":"cond-expr","locations":[{"start":{"line":86,"column":21},"end":{"line":86,"column":35}},{"start":{"line":86,"column":35},"end":{"line":86,"column":null}}],"line":86},"3":{"loc":{"start":{"line":117,"column":12},"end":{"line":117,"column":null}},"type":"binary-expr","locations":[{"start":{"line":117,"column":12},"end":{"line":117,"column":30}},{"start":{"line":117,"column":30},"end":{"line":117,"column":null}}],"line":117},"4":{"loc":{"start":{"line":118,"column":12},"end":{"line":118,"column":null}},"type":"binary-expr","locations":[{"start":{"line":118,"column":12},"end":{"line":118,"column":30}},{"start":{"line":118,"column":30},"end":{"line":118,"column":null}}],"line":118},"5":{"loc":{"start":{"line":128,"column":4},"end":{"line":131,"column":null}},"type":"if","locations":[{"start":{"line":128,"column":4},"end":{"line":131,"column":null}},{"start":{},"end":{}}],"line":128}},"s":{"0":1,"1":1,"2":6,"3":6,"4":6,"5":6,"6":6,"7":0,"8":6,"9":0,"10":0,"11":0,"12":0,"13":0,"14":0,"15":0,"16":0,"17":6,"18":0,"19":6,"20":0,"21":6,"22":0,"23":0,"24":6,"25":0,"26":6,"27":0,"28":6,"29":0,"30":6,"31":1,"32":6,"33":1,"34":1,"35":6,"36":0,"37":7,"38":6,"39":6},"f":{"0":6,"1":0,"2":0,"3":0,"4":0,"5":0,"6":0,"7":0,"8":0,"9":0,"10":1,"11":1,"12":0,"13":7},"b":{"0":[0,0],"1":[0,0],"2":[0,0],"3":[1,0],"4":[1,0],"5":[6,1]},"meta":{"lastBranch":6,"lastFunction":14,"lastStatement":40,"seen":{"s:6:6:6:Infinity":0,"s:7:18:7:Infinity":1,"f:11:16:11:25":0,"s:12:19:12:Infinity":2,"s:13:4:13:Infinity":3,"s:16:4:49:Infinity":4,"s:51:4:51:Infinity":5,"s:56:4:58:Infinity":6,"f:56:35:56:41":1,"s:57:8:57:Infinity":7,"s:60:4:72:Infinity":8,"f:60:36:60:37":2,"s:61:27:61:Infinity":9,"s:62:27:62:Infinity":10,"s:64:28:69:Infinity":11,"f:64:43:64:44":3,"s:65:12:65:Infinity":12,"s:66:12:68:Infinity":13,"s:67:16:67:Infinity":14,"b:67:68:67:72:67:72:67:75":0,"b:67:75:67:93:67:93:67:103":1,"s:70:8:70:Infinity":15,"s:71:8:71:Infinity":16,"s:75:4:77:Infinity":17,"f:75:34:75:40":4,"s:76:8:76:Infinity":18,"s:79:4:81:Infinity":19,"f:79:34:79:35":5,"s:80:8:80:Infinity":20,"s:84:4:87:Infinity":21,"f:84:34:84:40":6,"s:85:25:85:Infinity":22,"s:86:8:86:Infinity":23,"b:86:21:86:35:86:35:86:Infinity":2,"s:89:4:91:Infinity":24,"f:89:35:89:36":7,"s:90:8:90:Infinity":25,"s:94:4:96:Infinity":26,"f:94:37:94:43":8,"s:95:8:95:Infinity":27,"s:98:4:100:Infinity":28,"f:98:37:98:38":9,"s:99:8:99:Infinity":29,"s:103:4:105:Infinity":30,"f:103:39:103:45":10,"s:104:8:104:Infinity":31,"s:107:4:120:Infinity":32,"f:107:39:107:40":11,"s:108:21:111:Infinity":33,"s:112:8:119:Infinity":34,"b:117:12:117:30:117:30:117:Infinity":3,"b:118:12:118:30:118:30:118:Infinity":4,"s:122:4:124:Infinity":35,"f:122:41:122:42":12,"s:123:8:123:Infinity":36,"f:127:16:127:26":13,"b:128:4:131:Infinity:undefined:undefined:undefined:undefined":5,"s:128:4:131:Infinity":37,"s:129:8:129:Infinity":38,"s:130:8:130:Infinity":39}}}
}
